app/build/intermediates/manifest_merge_blame_file/debug/manifest-merger-blame-debug-report.txt
1<?xml version="1.0" encoding="utf-8"?>
2<manifest xmlns:android="http://schemas.android.com/apk/res/android"
3    package="com.chowdhuryelab.addressbook"
4    android:versionCode="1"
5    android:versionName="1.0" >
6
7    <uses-sdk
8        android:minSdkVersion="23"
8-->src\main\AndroidManifest.xml
9        android:targetSdkVersion="32" />
9-->src\main\AndroidManifest.xml
10
11    <uses-permission android:name="android.permission.CAMERA" />
11-->src\main\AndroidManifest.xml:7:5-65
11-->src\main\AndroidManifest.xml:7:22-62
12    <uses-permission android:name="android.permission.WRITE_EXTERNAL_STORAGE" />
12-->src\main\AndroidManifest.xml:8:5-81
12-->src\main\AndroidManifest.xml:8:22-78
13    <uses-permission android:name="android.permission.INTERNET" />
13-->src\main\AndroidManifest.xml:9:5-67
13-->src\main\AndroidManifest.xml:9:22-64
14
15    <application
15-->src\main\AndroidManifest.xml:12:5-35:19
16        android:allowBackup="true"
16-->src\main\AndroidManifest.xml:13:9-35
17        android:appComponentFactory="androidx.core.app.CoreComponentFactory"
17-->[androidx.core:core:1.8.0] AndroidManifest.xml:24:18-86
18        android:dataExtractionRules="@xml/data_extraction_rules"
18-->src\main\AndroidManifest.xml:14:9-65
19        android:debuggable="true"
20        android:extractNativeLibs="false"
21        android:fullBackupContent="@xml/backup_rules"
21-->src\main\AndroidManifest.xml:15:9-54
22        android:icon="@drawable/phone_book_icon"
22-->src\main\AndroidManifest.xml:16:9-49
23        android:label="@string/app_name"
23-->src\main\AndroidManifest.xml:17:9-41
24        android:roundIcon="@drawable/phone_book_icon"
24-->src\main\AndroidManifest.xml:18:9-54
25        android:supportsRtl="true"
25-->src\main\AndroidManifest.xml:19:9-35
26        android:testOnly="true"
27        android:theme="@style/Theme.AddressBook" >
27-->src\main\AndroidManifest.xml:20:9-49
28        <activity
28-->src\main\AndroidManifest.xml:23:9-30:20
29            android:name="com.chowdhuryelab.addressbook.MainActivity"
29-->src\main\AndroidManifest.xml:23:19-47
30            android:exported="true" >
30-->src\main\AndroidManifest.xml:24:13-36
31            <intent-filter>
31-->src\main\AndroidManifest.xml:25:13-29:29
32                <action android:name="android.intent.action.MAIN" />
32-->src\main\AndroidManifest.xml:26:17-69
32-->src\main\AndroidManifest.xml:26:25-66
33
34                <category android:name="android.intent.category.LAUNCHER" />
34-->src\main\AndroidManifest.xml:28:17-77
34-->src\main\AndroidManifest.xml:28:27-74
35            </intent-filter>
36        </activity>
37        <activity android:name="com.chowdhuryelab.addressbook.read_data" />
37-->src\main\AndroidManifest.xml:31:9-46
37-->src\main\AndroidManifest.xml:31:19-44
38        <activity android:name="com.chowdhuryelab.addressbook.insert_data" />
38-->src\main\AndroidManifest.xml:32:9-49
38-->src\main\AndroidManifest.xml:32:19-46
39        <activity android:name="com.chowdhuryelab.addressbook.update_data" />
39-->src\main\AndroidManifest.xml:33:9-49
39-->src\main\AndroidManifest.xml:33:19-46
40
41        <provider
41-->[androidx.emoji2:emoji2:1.2.0] AndroidManifest.xml:24:9-32:20
42            android:name="androidx.startup.InitializationProvider"
42-->[androidx.emoji2:emoji2:1.2.0] AndroidManifest.xml:25:13-67
43            android:authorities="com.chowdhuryelab.addressbook.androidx-startup"
43-->[androidx.emoji2:emoji2:1.2.0] AndroidManifest.xml:26:13-68
44            android:exported="false" >
44-->[androidx.emoji2:emoji2:1.2.0] AndroidManifest.xml:27:13-37
45            <meta-data
45-->[androidx.emoji2:emoji2:1.2.0] AndroidManifest.xml:29:13-31:52
46                android:name="androidx.emoji2.text.EmojiCompatInitializer"
46-->[androidx.emoji2:emoji2:1.2.0] AndroidManifest.xml:30:17-75
47                android:value="androidx.startup" />
47-->[androidx.emoji2:emoji2:1.2.0] AndroidManifest.xml:31:17-49
48            <meta-data
48-->[androidx.lifecycle:lifecycle-process:2.4.1] AndroidManifest.xml:31:13-33:52
49                android:name="androidx.lifecycle.ProcessLifecycleInitializer"
49-->[androidx.lifecycle:lifecycle-process:2.4.1] AndroidManifest.xml:32:17-78
50                android:value="androidx.startup" />
50-->[androidx.lifecycle:lifecycle-process:2.4.1] AndroidManifest.xml:33:17-49
51        </provider>
52    </application>
53
54</manifest>